Determining if the pthread_create exist failed with the following output:
Change Dir: /home/dynamotech/catkin_ws/build/abbros/CMakeFiles/CMakeTmp

Run Build Command:"/usr/bin/make" "cmTryCompileExec4251211762/fast"
/usr/bin/make -f CMakeFiles/cmTryCompileExec4251211762.dir/build.make CMakeFiles/cmTryCompileExec4251211762.dir/build
make[1]: se ingresa al directorio «/home/dynamotech/catkin_ws/build/abbros/CMakeFiles/CMakeTmp»
/usr/bin/cmake -E cmake_progress_report /home/dynamotech/catkin_ws/build/abbros/CMakeFiles/CMakeTmp/CMakeFiles 1
Building C object CMakeFiles/cmTryCompileExec4251211762.dir/CheckSymbolExists.c.o
/usr/bin/cc    -o CMakeFiles/cmTryCompileExec4251211762.dir/CheckSymbolExists.c.o   -c /home/dynamotech/catkin_ws/build/abbros/CMakeFiles/CMakeTmp/CheckSymbolExists.c
Linking C executable cmTryCompileExec4251211762
/usr/bin/cmake -E cmake_link_script CMakeFiles/cmTryCompileExec4251211762.dir/link.txt --verbose=1
/usr/bin/cc       CMakeFiles/cmTryCompileExec4251211762.dir/CheckSymbolExists.c.o  -o cmTryCompileExec4251211762 -rdynamic 
CMakeFiles/cmTryCompileExec4251211762.dir/CheckSymbolExists.c.o: En la función `main':
CheckSymbolExists.c:(.text+0x16): referencia a `pthread_create' sin definir
collect2: error: ld returned 1 exit status
make[1]: se sale del directorio «/home/dynamotech/catkin_ws/build/abbros/CMakeFiles/CMakeTmp»
make[1]: *** [cmTryCompileExec4251211762] Error 1
make: *** [cmTryCompileExec4251211762/fast] Error 2

File /home/dynamotech/catkin_ws/build/abbros/CMakeFiles/CMakeTmp/CheckSymbolExists.c:
/* */
#include <pthread.h>

int main(int argc, char** argv)
{
  (void)argv;
#ifndef pthread_create
  return ((int*)(&pthread_create))[argc];
#else
  (void)argc;
  return 0;
#endif
}

Determining if the function pthread_create exists in the pthreads failed with the following output:
Change Dir: /home/dynamotech/catkin_ws/build/abbros/CMakeFiles/CMakeTmp

Run Build Command:"/usr/bin/make" "cmTryCompileExec4202018192/fast"
/usr/bin/make -f CMakeFiles/cmTryCompileExec4202018192.dir/build.make CMakeFiles/cmTryCompileExec4202018192.dir/build
make[1]: se ingresa al directorio «/home/dynamotech/catkin_ws/build/abbros/CMakeFiles/CMakeTmp»
/usr/bin/cmake -E cmake_progress_report /home/dynamotech/catkin_ws/build/abbros/CMakeFiles/CMakeTmp/CMakeFiles 1
Building C object CMakeFiles/cmTryCompileExec4202018192.dir/CheckFunctionExists.c.o
/usr/bin/cc   -DCHECK_FUNCTION_EXISTS=pthread_create   -o CMakeFiles/cmTryCompileExec4202018192.dir/CheckFunctionExists.c.o   -c /usr/share/cmake-3.2/Modules/CheckFunctionExists.c
Linking C executable cmTryCompileExec4202018192
/usr/bin/cmake -E cmake_link_script CMakeFiles/cmTryCompileExec4202018192.dir/link.txt --verbose=1
/usr/bin/cc   -DCHECK_FUNCTION_EXISTS=pthread_create    CMakeFiles/cmTryCompileExec4202018192.dir/CheckFunctionExists.c.o  -o cmTryCompileExec4202018192 -rdynamic -lpthreads 
/usr/bin/ld: no se puede encontrar -lpthreads
collect2: error: ld returned 1 exit status
make[1]: se sale del directorio «/home/dynamotech/catkin_ws/build/abbros/CMakeFiles/CMakeTmp»
make[1]: *** [cmTryCompileExec4202018192] Error 1
make: *** [cmTryCompileExec4202018192/fast] Error 2


Determining if the Q_WS_WIN exist failed with the following output:
Change Dir: /home/dynamotech/catkin_ws/build/abbros/CMakeFiles/CMakeTmp

Run Build Command:"/usr/bin/make" "cmTryCompileExec900531254/fast"
/usr/bin/make -f CMakeFiles/cmTryCompileExec900531254.dir/build.make CMakeFiles/cmTryCompileExec900531254.dir/build
make[1]: se ingresa al directorio «/home/dynamotech/catkin_ws/build/abbros/CMakeFiles/CMakeTmp»
/usr/bin/cmake -E cmake_progress_report /home/dynamotech/catkin_ws/build/abbros/CMakeFiles/CMakeTmp/CMakeFiles 1
Building CXX object CMakeFiles/cmTryCompileExec900531254.dir/CheckSymbolExists.cxx.o
/usr/bin/c++    -I/usr/include/qt4    -o CMakeFiles/cmTryCompileExec900531254.dir/CheckSymbolExists.cxx.o -c /home/dynamotech/catkin_ws/build/abbros/CMakeFiles/CMakeTmp/CheckSymbolExists.cxx
/home/dynamotech/catkin_ws/build/abbros/CMakeFiles/CMakeTmp/CheckSymbolExists.cxx: In function ‘int main(int, char**)’:
/home/dynamotech/catkin_ws/build/abbros/CMakeFiles/CMakeTmp/CheckSymbolExists.cxx:8:19: error: ‘Q_WS_WIN’ was not declared in this scope
   return ((int*)(&Q_WS_WIN))[argc];
                   ^
make[1]: *** [CMakeFiles/cmTryCompileExec900531254.dir/CheckSymbolExists.cxx.o] Error 1
make[1]: se sale del directorio «/home/dynamotech/catkin_ws/build/abbros/CMakeFiles/CMakeTmp»
make: *** [cmTryCompileExec900531254/fast] Error 2

File /home/dynamotech/catkin_ws/build/abbros/CMakeFiles/CMakeTmp/CheckSymbolExists.cxx:
/* */
#include <QtCore/qglobal.h>

int main(int argc, char** argv)
{
  (void)argv;
#ifndef Q_WS_WIN
  return ((int*)(&Q_WS_WIN))[argc];
#else
  (void)argc;
  return 0;
#endif
}

Determining if the Q_WS_QWS exist failed with the following output:
Change Dir: /home/dynamotech/catkin_ws/build/abbros/CMakeFiles/CMakeTmp

Run Build Command:"/usr/bin/make" "cmTryCompileExec17755268/fast"
/usr/bin/make -f CMakeFiles/cmTryCompileExec17755268.dir/build.make CMakeFiles/cmTryCompileExec17755268.dir/build
make[1]: se ingresa al directorio «/home/dynamotech/catkin_ws/build/abbros/CMakeFiles/CMakeTmp»
/usr/bin/cmake -E cmake_progress_report /home/dynamotech/catkin_ws/build/abbros/CMakeFiles/CMakeTmp/CMakeFiles 1
Building CXX object CMakeFiles/cmTryCompileExec17755268.dir/CheckSymbolExists.cxx.o
/usr/bin/c++    -I/usr/include/qt4    -o CMakeFiles/cmTryCompileExec17755268.dir/CheckSymbolExists.cxx.o -c /home/dynamotech/catkin_ws/build/abbros/CMakeFiles/CMakeTmp/CheckSymbolExists.cxx
/home/dynamotech/catkin_ws/build/abbros/CMakeFiles/CMakeTmp/CheckSymbolExists.cxx: In function ‘int main(int, char**)’:
/home/dynamotech/catkin_ws/build/abbros/CMakeFiles/CMakeTmp/CheckSymbolExists.cxx:8:19: error: ‘Q_WS_QWS’ was not declared in this scope
   return ((int*)(&Q_WS_QWS))[argc];
                   ^
make[1]: *** [CMakeFiles/cmTryCompileExec17755268.dir/CheckSymbolExists.cxx.o] Error 1
make[1]: se sale del directorio «/home/dynamotech/catkin_ws/build/abbros/CMakeFiles/CMakeTmp»
make: *** [cmTryCompileExec17755268/fast] Error 2

File /home/dynamotech/catkin_ws/build/abbros/CMakeFiles/CMakeTmp/CheckSymbolExists.cxx:
/* */
#include <QtCore/qglobal.h>

int main(int argc, char** argv)
{
  (void)argv;
#ifndef Q_WS_QWS
  return ((int*)(&Q_WS_QWS))[argc];
#else
  (void)argc;
  return 0;
#endif
}

Determining if the Q_WS_MAC exist failed with the following output:
Change Dir: /home/dynamotech/catkin_ws/build/abbros/CMakeFiles/CMakeTmp

Run Build Command:"/usr/bin/make" "cmTryCompileExec1297849437/fast"
/usr/bin/make -f CMakeFiles/cmTryCompileExec1297849437.dir/build.make CMakeFiles/cmTryCompileExec1297849437.dir/build
make[1]: se ingresa al directorio «/home/dynamotech/catkin_ws/build/abbros/CMakeFiles/CMakeTmp»
/usr/bin/cmake -E cmake_progress_report /home/dynamotech/catkin_ws/build/abbros/CMakeFiles/CMakeTmp/CMakeFiles 1
Building CXX object CMakeFiles/cmTryCompileExec1297849437.dir/CheckSymbolExists.cxx.o
/usr/bin/c++    -I/usr/include/qt4    -o CMakeFiles/cmTryCompileExec1297849437.dir/CheckSymbolExists.cxx.o -c /home/dynamotech/catkin_ws/build/abbros/CMakeFiles/CMakeTmp/CheckSymbolExists.cxx
/home/dynamotech/catkin_ws/build/abbros/CMakeFiles/CMakeTmp/CheckSymbolExists.cxx: In function ‘int main(int, char**)’:
/home/dynamotech/catkin_ws/build/abbros/CMakeFiles/CMakeTmp/CheckSymbolExists.cxx:8:19: error: ‘Q_WS_MAC’ was not declared in this scope
   return ((int*)(&Q_WS_MAC))[argc];
                   ^
make[1]: *** [CMakeFiles/cmTryCompileExec1297849437.dir/CheckSymbolExists.cxx.o] Error 1
make[1]: se sale del directorio «/home/dynamotech/catkin_ws/build/abbros/CMakeFiles/CMakeTmp»
make: *** [cmTryCompileExec1297849437/fast] Error 2

File /home/dynamotech/catkin_ws/build/abbros/CMakeFiles/CMakeTmp/CheckSymbolExists.cxx:
/* */
#include <QtCore/qglobal.h>

int main(int argc, char** argv)
{
  (void)argv;
#ifndef Q_WS_MAC
  return ((int*)(&Q_WS_MAC))[argc];
#else
  (void)argc;
  return 0;
#endif
}

